<?xml version="1.0" encoding="UTF-8"?>
<!-- Generated by org.testng.reporters.JUnitXMLReporter -->
<testsuite ignored="0" hostname="DESKTOP-HVSKTJH" failures="1" tests="1" name="Default test" time="8.576" errors="0" timestamp="2023-11-08T11:18:42 WAT">
  <testcase classname="io.cucumber.testng.AbstractTestNGCucumberTests" name="runScenario" time="3.402">
    <failure type="io.cucumber.java.PendingException" message="TODO: implement me">
      <![CDATA[io.cucumber.java.PendingException: TODO: implement me
at stepDefinition.AdminSurveyCreation.input_title_of_survey_in_the_survey_field_for_job_postion(AdminSurveyCreation.java:201)
at ✽.Input title of survey in the survey field for job postion(file:///F:/Users/Bluechip/eclipse-workspace/KPMG_CnB/src/test/resources/features/AdminSurveyCreation.feature:29)
]]>
    </failure>
  </testcase> <!-- runScenario -->
</testsuite> <!-- Default test -->
