<?xml version="1.0" encoding="UTF-8"?>
<testng-results ignored="0" total="3" passed="3" failed="0" skipped="0">
  <reporter-output>
  </reporter-output>
  <suite started-at="2023-10-25T14:36:09 WAT" name="Suite" finished-at="2023-10-25T14:36:20 WAT" duration-ms="11049">
    <groups>
      <group name="cucumber">
        <method signature="AbstractTestNGCucumberTests.runScenario(io.cucumber.testng.PickleWrapper,io.cucumber.testng.FeatureWrapper)[pri:0, instance:runner.Runner@1ea9f009]" name="runScenario" class="io.cucumber.testng.AbstractTestNGCucumberTests"/>
      </group> <!-- cucumber -->
    </groups>
    <test started-at="2023-10-25T14:36:09 WAT" name="KPMG" finished-at="2023-10-25T14:36:20 WAT" duration-ms="11049">
      <class name="runner.Runner">
        <test-method is-config="true" signature="setUpClass(org.testng.ITestContext)[pri:0, instance:runner.Runner@1ea9f009]" started-at="2023-10-25T14:36:09 WAT" name="setUpClass" finished-at="2023-10-25T14:36:11 WAT" duration-ms="2503" status="PASS">
          <params>
            <param index="0">
              <value>
                <![CDATA[org.testng.TestRunner@1d47b761]]>
              </value>
            </param>
          </params>
          <reporter-output>
          </reporter-output>
        </test-method> <!-- setUpClass -->
        <test-method signature="runScenario(io.cucumber.testng.PickleWrapper,io.cucumber.testng.FeatureWrapper)[pri:0, instance:runner.Runner@1ea9f009]" started-at="2023-10-25T14:36:12 WAT" name="runScenario" description="Runs Cucumber Scenarios" data-provider="scenarios" finished-at="2023-10-25T14:36:20 WAT" duration-ms="8251" status="PASS">
          <params>
            <param index="0">
              <value>
                <![CDATA["Validate that the super admin cannot login with invalid credential"]]>
              </value>
            </param>
            <param index="1">
              <value>
                <![CDATA["User management validation"]]>
              </value>
            </param>
          </params>
          <reporter-output>
          </reporter-output>
        </test-method> <!-- runScenario -->
        <test-method signature="runScenario(io.cucumber.testng.PickleWrapper,io.cucumber.testng.FeatureWrapper)[pri:0, instance:runner.Runner@1ea9f009]" started-at="2023-10-25T14:36:20 WAT" name="runScenario" description="Runs Cucumber Scenarios" data-provider="scenarios" finished-at="2023-10-25T14:36:20 WAT" duration-ms="22" status="PASS">
          <params>
            <param index="0">
              <value>
                <![CDATA["Validate that the super admin cannot login with invalid credential"]]>
              </value>
            </param>
            <param index="1">
              <value>
                <![CDATA["User management validation"]]>
              </value>
            </param>
          </params>
          <reporter-output>
          </reporter-output>
        </test-method> <!-- runScenario -->
        <test-method signature="runScenario(io.cucumber.testng.PickleWrapper,io.cucumber.testng.FeatureWrapper)[pri:0, instance:runner.Runner@1ea9f009]" started-at="2023-10-25T14:36:20 WAT" name="runScenario" description="Runs Cucumber Scenarios" data-provider="scenarios" finished-at="2023-10-25T14:36:20 WAT" duration-ms="18" status="PASS">
          <params>
            <param index="0">
              <value>
                <![CDATA["Validate that the super admin can login with valid credential"]]>
              </value>
            </param>
            <param index="1">
              <value>
                <![CDATA["User management validation"]]>
              </value>
            </param>
          </params>
          <reporter-output>
          </reporter-output>
        </test-method> <!-- runScenario -->
        <test-method is-config="true" signature="tearDownClass()[pri:0, instance:runner.Runner@1ea9f009]" started-at="2023-10-25T14:36:20 WAT" name="tearDownClass" finished-at="2023-10-25T14:36:20 WAT" duration-ms="77" status="PASS">
          <reporter-output>
          </reporter-output>
        </test-method> <!-- tearDownClass -->
      </class> <!-- runner.Runner -->
    </test> <!-- KPMG -->
  </suite> <!-- Suite -->
</testng-results>
